<?xml version="1.0" encoding="UTF-8"?>
<!-- Generated by org.testng.reporters.JUnitReportReporter -->
<testsuite skipped="0" hostname="DESKTOP-O17P51G" name="com.project.regression.test01" tests="1" failures="0" timestamp="02 Feb 2018 10:28:41 GMT" time="3.342" errors="0">
  <testcase name="Tc01" time="3.342" classname="com.project.regression.test01"/>
</testsuite> <!-- com.project.regression.test01 -->
